TN:
SF:projects/the-application/src/polyfills.ts
FNF:0
FNH:0
LF:0
LH:0
BRF:0
BRH:0
end_of_record
TN:
SF:projects/the-application/src/test.ts
FNF:0
FNH:0
DA:22,1
DA:27,1
DA:29,1
LF:3
LH:3
BRF:0
BRH:0
end_of_record
TN:
SF:projects/the-application/src/card/card.ts
FN:49,(anonymous_0)
FN:19,(anonymous_1)
FN:22,(anonymous_2)
FN:29,(anonymous_3)
FN:32,(anonymous_4)
FNF:5
FNH:5
FNDA:28,(anonymous_0)
FNDA:4,(anonymous_1)
FNDA:28,(anonymous_2)
FNDA:4,(anonymous_3)
FNDA:28,(anonymous_4)
DA:20,4
DA:23,28
DA:30,4
DA:33,28
DA:50,28
DA:51,25
DA:52,25
DA:54,3
DA:55,3
LF:9
LH:9
BRDA:50,0,0,25
BRDA:50,0,1,3
BRF:2
BRH:2
end_of_record
TN:
SF:projects/the-application/src/cards/cards.service.ts
FN:32,(anonymous_0)
FN:24,(anonymous_1)
FN:39,(anonymous_2)
FN:69,(anonymous_3)
FN:86,(anonymous_4)
FN:87,(anonymous_5)
FNF:6
FNH:4
FNDA:4,(anonymous_0)
FNDA:29,(anonymous_1)
FNDA:4,(anonymous_2)
FNDA:24,(anonymous_3)
FNDA:0,(anonymous_4)
FNDA:0,(anonymous_5)
DA:15,1
DA:25,29
DA:26,4
DA:29,29
DA:33,4
DA:40,4
DA:41,4
DA:42,4
DA:43,4
DA:44,4
DA:45,4
DA:46,4
DA:72,24
DA:73,24
DA:74,0
DA:75,0
DA:77,0
DA:80,24
DA:87,0
DA:88,0
LF:20
LH:15
BRDA:25,0,0,4
BRDA:25,0,1,25
BRDA:40,1,0,4
BRDA:40,1,1,0
BRDA:72,2,0,24
BRDA:72,2,1,0
BRDA:74,3,0,0
BRDA:74,3,1,0
BRF:8
BRH:4
end_of_record
TN:
SF:projects/the-application/src/create-time/create-time.ts
FN:8,createTime
FNF:1
FNH:1
FNDA:5,createTime
DA:16,5
DA:17,5
DA:18,5
DA:19,5
DA:21,5
DA:22,4
DA:25,5
DA:26,3
DA:29,5
DA:30,1
DA:31,4
DA:32,3
DA:35,5
DA:37,5
DA:38,1
DA:41,5
DA:43,5
LF:17
LH:17
BRDA:21,0,0,4
BRDA:21,0,1,1
BRDA:25,1,0,3
BRDA:25,1,1,2
BRDA:29,2,0,1
BRDA:29,2,1,4
BRDA:31,3,0,3
BRDA:31,3,1,1
BRDA:37,4,0,1
BRDA:37,4,1,4
BRF:10
BRH:10
end_of_record
TN:
SF:projects/the-application/src/database/database.service.ts
FN:23,(anonymous_0)
FN:25,(anonymous_1)
FN:28,(anonymous_2)
FN:38,(anonymous_3)
FN:40,(anonymous_5)
FN:49,(anonymous_6)
FN:53,(anonymous_7)
FN:59,(anonymous_8)
FN:62,(anonymous_9)
FN:92,(anonymous_10)
FNF:10
FNH:6
FNDA:8,(anonymous_0)
FNDA:8,(anonymous_1)
FNDA:0,(anonymous_2)
FNDA:8,(anonymous_3)
FNDA:8,(anonymous_5)
FNDA:8,(anonymous_6)
FNDA:0,(anonymous_7)
FNDA:1,(anonymous_8)
FNDA:0,(anonymous_9)
FNDA:0,(anonymous_10)
DA:12,1
DA:24,8
DA:26,8
DA:29,0
DA:32,8
DA:39,8
DA:47,8
DA:49,8
DA:50,8
DA:53,8
DA:54,0
DA:57,8
DA:59,8
DA:60,1
DA:62,1
DA:63,0
DA:64,0
DA:65,0
DA:66,0
DA:69,1
DA:71,1
DA:72,1
DA:73,1
DA:80,1
DA:81,1
DA:82,1
DA:89,1
DA:92,8
DA:93,0
DA:94,0
DA:95,0
LF:31
LH:22
BRDA:70,0,0,1
BRDA:70,0,1,1
BRDA:72,1,0,1
BRDA:72,1,1,0
BRDA:81,2,0,1
BRDA:81,2,1,0
BRF:6
BRH:4
end_of_record
TN:
SF:projects/the-application/src/high-scores/high-scores.component.ts
FN:54,(anonymous_0)
FN:50,(anonymous_1)
FN:62,(anonymous_2)
FN:63,(anonymous_3)
FN:75,(anonymous_4)
FN:79,(anonymous_5)
FN:84,(anonymous_6)
FNF:7
FNH:6
FNDA:3,(anonymous_0)
FNDA:2,(anonymous_1)
FNDA:2,(anonymous_2)
FNDA:0,(anonymous_3)
FNDA:2,(anonymous_4)
FNDA:2,(anonymous_5)
FNDA:3,(anonymous_6)
DA:20,1
DA:30,3
DA:40,3
DA:45,3
DA:51,2
DA:55,3
DA:56,3
DA:63,2
DA:64,0
DA:65,0
DA:67,0
DA:76,2
DA:80,2
DA:81,2
DA:85,3
DA:86,2
LF:16
LH:13
BRDA:64,0,0,0
BRDA:64,0,1,0
BRDA:85,1,0,2
BRDA:85,1,1,1
BRDA:85,2,0,3
BRDA:85,2,1,2
BRF:6
BRH:4
end_of_record
TN:
SF:projects/the-application/src/high-scores/high-scores.service.ts
FN:32,(anonymous_0)
FNF:1
FNH:1
FNDA:5,(anonymous_0)
DA:19,1
DA:23,5
DA:30,5
DA:32,5
DA:33,5
LF:5
LH:5
BRF:0
BRH:0
end_of_record
TN:
SF:projects/the-application/src/recent-scores/recent-scores.component.ts
FN:54,(anonymous_0)
FN:50,(anonymous_1)
FN:62,(anonymous_2)
FN:63,(anonymous_3)
FN:75,(anonymous_4)
FN:79,(anonymous_5)
FN:84,(anonymous_6)
FNF:7
FNH:6
FNDA:3,(anonymous_0)
FNDA:2,(anonymous_1)
FNDA:2,(anonymous_2)
FNDA:0,(anonymous_3)
FNDA:2,(anonymous_4)
FNDA:2,(anonymous_5)
FNDA:3,(anonymous_6)
DA:20,1
DA:30,3
DA:40,3
DA:45,3
DA:51,2
DA:55,3
DA:56,3
DA:63,2
DA:64,0
DA:65,0
DA:66,0
DA:67,0
DA:76,2
DA:80,2
DA:81,2
DA:85,3
DA:86,2
LF:17
LH:13
BRDA:64,0,0,0
BRDA:64,0,1,0
BRDA:85,1,0,2
BRDA:85,1,1,1
BRDA:85,2,0,3
BRDA:85,2,1,2
BRF:6
BRH:4
end_of_record
TN:
SF:projects/the-application/src/recent-scores/recent-scores.service.ts
FN:26,(anonymous_0)
FN:33,(anonymous_1)
FNF:2
FNH:1
FNDA:5,(anonymous_0)
FNDA:0,(anonymous_1)
DA:20,1
DA:24,5
DA:26,5
DA:27,5
DA:34,0
LF:5
LH:4
BRF:0
BRH:0
end_of_record
TN:
SF:projects/the-application/src/root/root.component.ts
FN:56,(anonymous_0)
FN:71,(anonymous_1)
FN:121,(anonymous_2)
FN:146,(anonymous_3)
FN:159,(anonymous_4)
FN:165,(anonymous_5)
FN:180,(anonymous_6)
FN:185,(anonymous_7)
FN:191,(anonymous_8)
FNF:9
FNH:1
FNDA:1,(anonymous_0)
FNDA:0,(anonymous_1)
FNDA:0,(anonymous_2)
FNDA:0,(anonymous_3)
FNDA:0,(anonymous_4)
FNDA:0,(anonymous_5)
FNDA:0,(anonymous_6)
FNDA:0,(anonymous_7)
FNDA:0,(anonymous_8)
DA:19,1
DA:57,1
DA:58,1
DA:72,0
DA:73,0
DA:79,0
DA:81,0
DA:82,0
DA:84,0
DA:85,0
DA:86,0
DA:88,0
DA:90,0
DA:91,0
DA:94,0
DA:97,0
DA:98,0
DA:100,0
DA:108,0
DA:111,0
DA:112,0
DA:122,0
DA:126,0
DA:128,0
DA:129,0
DA:130,0
DA:133,0
DA:134,0
DA:135,0
DA:136,0
DA:137,0
DA:139,0
DA:142,0
DA:144,0
DA:146,0
DA:147,0
DA:148,0
DA:160,0
DA:163,0
DA:165,0
DA:166,0
DA:169,0
DA:170,0
DA:171,0
DA:172,0
DA:174,0
DA:175,0
DA:176,0
DA:177,0
DA:181,0
DA:182,0
DA:186,0
DA:189,0
DA:191,0
DA:192,0
DA:195,0
LF:56
LH:3
BRDA:72,0,0,0
BRDA:72,0,1,0
BRDA:84,1,0,0
BRDA:84,1,1,0
BRDA:94,2,0,0
BRDA:94,2,1,0
BRDA:128,3,0,0
BRDA:128,3,1,0
BRDA:133,4,0,0
BRDA:133,4,1,0
BRDA:133,5,0,0
BRDA:133,5,1,0
BRDA:139,6,0,0
BRDA:139,6,1,0
BRDA:186,7,0,0
BRDA:186,7,1,0
BRF:16
BRH:0
end_of_record
TN:
SF:projects/the-application/src/score/score.ts
FN:45,(anonymous_0)
FN:35,(anonymous_1)
FN:55,(anonymous_2)
FN:57,(anonymous_3)
FN:58,(anonymous_4)
FN:68,(anonymous_5)
FN:74,(anonymous_6)
FN:86,(anonymous_7)
FN:87,(anonymous_8)
FN:118,(anonymous_9)
FN:125,(anonymous_10)
FN:134,(anonymous_11)
FN:136,(anonymous_13)
FN:154,(anonymous_14)
FN:158,(anonymous_15)
FN:162,(anonymous_16)
FN:187,(anonymous_17)
FN:195,(anonymous_19)
FN:216,(anonymous_20)
FN:224,(anonymous_21)
FN:243,(anonymous_22)
FN:251,(anonymous_24)
FN:269,(anonymous_25)
FN:275,(anonymous_26)
FN:296,(anonymous_27)
FN:302,(anonymous_29)
FN:320,(anonymous_30)
FN:326,(anonymous_31)
FNF:28
FNH:10
FNDA:10,(anonymous_0)
FNDA:6,(anonymous_1)
FNDA:17,(anonymous_2)
FNDA:3,(anonymous_3)
FNDA:0,(anonymous_4)
FNDA:14,(anonymous_5)
FNDA:7,(anonymous_6)
FNDA:2,(anonymous_7)
FNDA:0,(anonymous_8)
FNDA:0,(anonymous_9)
FNDA:0,(anonymous_10)
FNDA:17,(anonymous_11)
FNDA:17,(anonymous_13)
FNDA:0,(anonymous_14)
FNDA:3,(anonymous_15)
FNDA:0,(anonymous_16)
FNDA:0,(anonymous_17)
FNDA:0,(anonymous_19)
FNDA:0,(anonymous_20)
FNDA:0,(anonymous_21)
FNDA:0,(anonymous_22)
FNDA:0,(anonymous_24)
FNDA:0,(anonymous_25)
FNDA:0,(anonymous_26)
FNDA:0,(anonymous_27)
FNDA:0,(anonymous_29)
FNDA:0,(anonymous_30)
FNDA:0,(anonymous_31)
DA:20,10
DA:25,10
DA:36,6
DA:37,6
DA:38,0
DA:39,0
DA:42,6
DA:45,10
DA:46,10
DA:47,10
DA:56,17
DA:58,3
DA:59,0
DA:62,3
DA:63,2
DA:66,3
DA:69,14
DA:72,14
DA:74,14
DA:75,7
DA:78,0
DA:87,2
DA:88,0
DA:89,0
DA:91,0
DA:92,0
DA:98,0
DA:99,0
DA:101,0
DA:102,0
DA:104,0
DA:105,0
DA:107,0
DA:110,2
DA:119,0
DA:126,0
DA:135,17
DA:140,17
DA:145,3
DA:150,3
DA:152,3
DA:154,3
DA:155,0
DA:158,3
DA:161,3
DA:163,0
DA:167,3
DA:172,14
DA:174,14
DA:190,0
DA:192,0
DA:194,0
DA:199,0
DA:205,0
DA:207,0
DA:212,0
DA:214,0
DA:216,0
DA:217,0
DA:219,0
DA:221,0
DA:224,0
DA:225,0
DA:230,0
DA:232,0
DA:246,0
DA:248,0
DA:250,0
DA:255,0
DA:260,0
DA:265,0
DA:267,0
DA:269,0
DA:270,0
DA:272,0
DA:275,0
DA:276,0
DA:281,0
DA:283,0
DA:299,0
DA:301,0
DA:306,0
DA:311,0
DA:316,0
DA:318,0
DA:320,0
DA:321,0
DA:323,0
DA:326,0
DA:327,0
DA:332,0
DA:334,0
LF:92
LH:30
BRDA:36,0,0,6
BRDA:36,0,1,0
BRDA:38,1,0,0
BRDA:38,1,1,0
BRDA:62,2,0,2
BRDA:62,2,1,1
BRDA:69,3,0,14
BRDA:69,3,1,0
BRDA:88,4,0,0
BRDA:88,4,1,0
BRDA:91,5,0,0
BRDA:91,5,1,0
BRDA:101,6,0,0
BRDA:101,6,1,0
BRDA:104,7,0,0
BRDA:104,7,1,0
BRDA:140,8,0,3
BRDA:140,8,1,14
BRDA:140,9,0,17
BRDA:140,9,1,3
BRDA:199,10,0,0
BRDA:199,10,1,0
BRDA:199,11,0,0
BRDA:199,11,1,0
BRDA:255,12,0,0
BRDA:255,12,1,0
BRDA:255,13,0,0
BRDA:255,13,1,0
BRDA:306,14,0,0
BRDA:306,14,1,0
BRDA:306,15,0,0
BRDA:306,15,1,0
BRF:32
BRH:8
end_of_record
TN:
SF:projects/the-application/src/statistic/statistic.ts
FN:123,(anonymous_0)
FN:36,(anonymous_1)
FN:39,(anonymous_2)
FN:46,(anonymous_3)
FN:49,(anonymous_4)
FN:56,(anonymous_5)
FN:59,(anonymous_6)
FN:66,(anonymous_7)
FN:69,(anonymous_8)
FN:76,(anonymous_9)
FN:79,(anonymous_10)
FN:159,(anonymous_11)
FNF:12
FNH:11
FNDA:7,(anonymous_0)
FNDA:7,(anonymous_1)
FNDA:7,(anonymous_2)
FNDA:7,(anonymous_3)
FNDA:7,(anonymous_4)
FNDA:7,(anonymous_5)
FNDA:7,(anonymous_6)
FNDA:7,(anonymous_7)
FNDA:7,(anonymous_8)
FNDA:2,(anonymous_9)
FNDA:7,(anonymous_10)
FNDA:0,(anonymous_11)
DA:37,7
DA:40,7
DA:47,7
DA:50,7
DA:57,7
DA:60,7
DA:67,7
DA:70,7
DA:77,2
DA:80,7
DA:131,7
DA:132,0
DA:133,0
DA:134,0
DA:135,0
DA:136,0
DA:138,0
DA:139,0
DA:142,7
DA:143,7
DA:144,7
DA:145,7
DA:146,7
DA:148,7
DA:149,1
DA:162,0
DA:164,0
DA:165,0
DA:166,0
DA:167,0
DA:168,0
DA:170,0
DA:171,0
DA:174,0
LF:34
LH:18
BRDA:131,0,0,0
BRDA:131,0,1,7
BRDA:138,1,0,0
BRDA:138,1,1,0
BRDA:148,2,0,1
BRDA:148,2,1,6
BRDA:170,3,0,0
BRDA:170,3,1,0
BRF:8
BRH:3
end_of_record
TN:
SF:projects/the-application/src/statistics/statistics.component.ts
FN:17,(anonymous_0)
FN:22,(anonymous_1)
FNF:2
FNH:1
FNDA:2,(anonymous_0)
FNDA:0,(anonymous_1)
DA:16,1
DA:17,2
DA:23,0
DA:25,0
LF:4
LH:2
BRF:0
BRH:0
end_of_record
TN:
SF:projects/the-application/src/statistics/statistics.service.ts
FN:38,(anonymous_0)
FN:27,(anonymous_1)
FN:34,(anonymous_2)
FN:48,(anonymous_3)
FN:51,(anonymous_4)
FN:61,(anonymous_5)
FN:64,(anonymous_6)
FN:72,(anonymous_7)
FN:78,(anonymous_8)
FN:83,(anonymous_9)
FN:92,(anonymous_10)
FN:96,(anonymous_11)
FN:101,(anonymous_12)
FN:154,(anonymous_13)
FN:183,(anonymous_14)
FNF:15
FNH:1
FNDA:3,(anonymous_0)
FNDA:0,(anonymous_1)
FNDA:0,(anonymous_2)
FNDA:0,(anonymous_3)
FNDA:0,(anonymous_4)
FNDA:0,(anonymous_5)
FNDA:0,(anonymous_6)
FNDA:0,(anonymous_7)
FNDA:0,(anonymous_8)
FNDA:0,(anonymous_9)
FNDA:0,(anonymous_10)
FNDA:0,(anonymous_11)
FNDA:0,(anonymous_12)
FNDA:0,(anonymous_13)
FNDA:0,(anonymous_14)
DA:23,1
DA:28,0
DA:35,0
DA:39,3
DA:40,3
DA:49,0
DA:51,0
DA:52,0
DA:62,0
DA:64,0
DA:65,0
DA:73,0
DA:75,0
DA:76,0
DA:79,0
DA:80,0
DA:84,0
DA:93,0
DA:94,0
DA:97,0
DA:98,0
DA:102,0
DA:164,0
DA:165,0
DA:166,0
DA:168,0
DA:170,0
DA:171,0
DA:173,0
DA:176,0
DA:177,0
DA:184,0
DA:185,0
LF:33
LH:3
BRDA:75,0,0,0
BRDA:75,0,1,0
BRDA:79,1,0,0
BRDA:79,1,1,0
BRDA:93,2,0,0
BRDA:93,2,1,0
BRDA:97,3,0,0
BRDA:97,3,1,0
BRDA:164,4,0,0
BRDA:164,4,1,0
BRDA:165,5,0,0
BRDA:165,5,1,0
BRDA:170,6,0,0
BRDA:170,6,1,0
BRF:14
BRH:0
end_of_record
TN:
SF:projects/the-application/src/stopwatch/stopwatch.component.ts
FN:58,(anonymous_0)
FN:74,(anonymous_1)
FN:82,(anonymous_2)
FN:87,(anonymous_3)
FN:95,(anonymous_4)
FN:105,(anonymous_5)
FN:111,(anonymous_6)
FNF:7
FNH:2
FNDA:0,(anonymous_0)
FNDA:0,(anonymous_1)
FNDA:0,(anonymous_2)
FNDA:0,(anonymous_3)
FNDA:0,(anonymous_4)
FNDA:2,(anonymous_5)
FNDA:2,(anonymous_6)
DA:18,1
DA:62,0
DA:63,0
DA:65,0
DA:66,0
DA:67,0
DA:68,0
DA:75,0
DA:76,0
DA:83,0
DA:85,0
DA:87,0
DA:88,0
DA:96,0
DA:97,0
DA:98,0
DA:99,0
DA:106,2
DA:107,0
DA:112,2
LF:20
LH:3
BRDA:106,0,0,0
BRDA:106,0,1,2
BRDA:106,1,0,2
BRDA:106,1,1,0
BRF:4
BRH:2
end_of_record
